2019/06/21 17:53:57 INFO  - jmeter.util.JMeterUtils: Setting Locale to zh_CN 
2019/06/21 17:53:57 INFO  - jmeter.JMeter: Loading user properties from: D:\软件安全下载目录\test2017\16_就业班之接口及性能测试（共82集）\接口测试第一天\自动化接口软件\apache-jmeter-2.13\bin\user.properties 
2019/06/21 17:53:57 INFO  - jmeter.JMeter: Loading system properties from: D:\软件安全下载目录\test2017\16_就业班之接口及性能测试（共82集）\接口测试第一天\自动化接口软件\apache-jmeter-2.13\bin\system.properties 
2019/06/21 17:53:57 INFO  - jmeter.JMeter: Copyright (c) 1998-2015 The Apache Software Foundation 
2019/06/21 17:53:57 INFO  - jmeter.JMeter: Version 2.13 r1665067 
2019/06/21 17:53:57 INFO  - jmeter.JMeter: java.version=1.7.0_17 
2019/06/21 17:53:57 INFO  - jmeter.JMeter: java.vm.name=Java HotSpot(TM) 64-Bit Server VM 
2019/06/21 17:53:57 INFO  - jmeter.JMeter: os.name=Windows 8 
2019/06/21 17:53:57 INFO  - jmeter.JMeter: os.arch=amd64 
2019/06/21 17:53:57 INFO  - jmeter.JMeter: os.version=6.2 
2019/06/21 17:53:57 INFO  - jmeter.JMeter: file.encoding=GBK 
2019/06/21 17:53:57 INFO  - jmeter.JMeter: Default Locale=中文 (中国) 
2019/06/21 17:53:57 INFO  - jmeter.JMeter: JMeter  Locale=中文 (中国) 
2019/06/21 17:53:57 INFO  - jmeter.JMeter: JMeterHome=D:\软件安全下载目录\test2017\16_就业班之接口及性能测试（共82集）\接口测试第一天\自动化接口软件\apache-jmeter-2.13 
2019/06/21 17:53:57 INFO  - jmeter.JMeter: user.dir  =D:\软件安全下载目录\test2017\16_就业班之接口及性能测试（共82集）\接口测试第一天\自动化接口软件\apache-jmeter-2.13\bin 
2019/06/21 17:53:57 INFO  - jmeter.JMeter: PWD       =D:\软件安全下载目录\test2017\16_就业班之接口及性能测试（共82集）\接口测试第一天\自动化接口软件\apache-jmeter-2.13\bin 
2019/06/21 17:54:06 INFO  - jmeter.JMeter: IP: 192.168.8.1 Name: LAPTOP-UO2E92RJ FullName: LAPTOP-UO2E92RJ 
2019/06/21 17:54:06 INFO  - jmeter.gui.action.LookAndFeelCommand: Using look and feel: javax.swing.plaf.metal.MetalLookAndFeel [Metal, CrossPlatform] 
2019/06/21 17:54:06 INFO  - jmeter.JMeter: Loaded icon properties from org/apache/jmeter/images/icon.properties 
2019/06/21 17:54:07 INFO  - jmeter.engine.util.CompoundVariable: Note: Function class names must contain the string: '.functions.' 
2019/06/21 17:54:07 INFO  - jmeter.engine.util.CompoundVariable: Note: Function class names must not contain the string: '.gui.' 
2019/06/21 17:54:08 INFO  - jmeter.util.BSFTestElement: Registering JMeter version of JavaScript engine as work-round for BSF-22 
2019/06/21 17:54:09 INFO  - jmeter.protocol.http.sampler.HTTPSamplerBase: Cannot find .className property for htmlParser, using default 
2019/06/21 17:54:09 INFO  - jmeter.protocol.http.sampler.HTTPSamplerBase: Parser for text/html is  
2019/06/21 17:54:09 INFO  - jmeter.protocol.http.sampler.HTTPSamplerBase: Parser for application/xhtml+xml is  
2019/06/21 17:54:09 INFO  - jmeter.protocol.http.sampler.HTTPSamplerBase: Parser for application/xml is  
2019/06/21 17:54:09 INFO  - jmeter.protocol.http.sampler.HTTPSamplerBase: Parser for text/xml is  
2019/06/21 17:54:09 INFO  - jmeter.protocol.http.sampler.HTTPSamplerBase: Parser for text/vnd.wap.wml is org.apache.jmeter.protocol.http.parser.RegexpHTMLParser 
2019/06/21 17:54:09 INFO  - jmeter.gui.util.MenuFactory: Skipping org.apache.jmeter.protocol.http.control.gui.WebServiceSamplerGui 
2019/06/21 17:54:09 INFO  - jmeter.gui.util.MenuFactory: Skipping org.apache.jmeter.protocol.http.modifier.gui.ParamModifierGui 
2019/06/21 17:54:09 INFO  - jorphan.exec.KeyToolUtils: keytool found at 'keytool' 
2019/06/21 17:54:09 INFO  - jmeter.protocol.http.proxy.ProxyControl: HTTP(S) Test Script Recorder SSL Proxy will use keys that support embedded 3rd party resources in file D:\软件安全下载目录\test2017\16_就业班之接口及性能测试（共82集）\接口测试第一天\自动化接口软件\apache-jmeter-2.13\bin\proxyserver.jks 
2019/06/21 17:54:11 INFO  - jmeter.samplers.SampleResult: Note: Sample TimeStamps are START times 
2019/06/21 17:54:11 INFO  - jmeter.samplers.SampleResult: sampleresult.default.encoding is set to ISO-8859-1 
2019/06/21 17:54:11 INFO  - jmeter.samplers.SampleResult: sampleresult.useNanoTime=true 
2019/06/21 17:54:11 INFO  - jmeter.samplers.SampleResult: sampleresult.nanoThreadSleep=5000 
